<?xml version="1.0" encoding="UTF-8"?>
<!-- Generated by org.testng.reporters.JUnitXMLReporter -->
<testsuite ignored="0" hostname="DESKTOP-LPKJ4V1" failures="0" tests="3" name="Test" time="46.071" errors="0" timestamp="2024-07-17T16:57:27 EDT">
  <testcase classname="com.docker.FireFoxTest" name="test_FireFox" time="32.657"/>
  <testcase classname="com.docker.MSEdgeTest" name="test_Edge" time="7.693"/>
  <testcase classname="com.docker.ChromeTest" name="test_chrome" time="5.6"/>
</testsuite> <!-- Test -->
