<?xml version="1.0" encoding="UTF-8"?>
<!-- Generated by org.testng.reporters.JUnitXMLReporter -->
<testsuite ignored="4" hostname="DESKTOP-LPKJ4V1" failures="0" tests="3" name="Test" time="54.173" errors="0" timestamp="2024-07-22T17:54:36 EDT">
  <testcase classname="com.docker.FireFoxTest" name="test_FireFox" time="24.784"/>
  <testcase classname="com.docker.MSEdgeTest" name="test_Edge" time="51.502"/>
  <testcase classname="com.docker.ChromeTest" name="test_chrome" time="54.061"/>
  <testcase classname="com.docker.SetUpGrid" name="@BeforeSuite run_Docker_composeV3" time="0.0">
    <ignored/>
  </testcase> <!-- @BeforeSuite run_Docker_composeV3 -->
  <testcase classname="com.docker.SetUpGrid" name="@BeforeSuite run_Docker_composeV3" time="0.0">
    <ignored/>
  </testcase> <!-- @BeforeSuite run_Docker_composeV3 -->
  <testcase classname="com.docker.SetUpGrid" name="@AfterSuite stop_Docker_composeV3" time="0.0">
    <ignored/>
  </testcase> <!-- @AfterSuite stop_Docker_composeV3 -->
  <testcase classname="com.docker.SetUpGrid" name="@AfterSuite stop_Docker_composeV3" time="0.0">
    <ignored/>
  </testcase> <!-- @AfterSuite stop_Docker_composeV3 -->
</testsuite> <!-- Test -->
