<?xml version="1.0" encoding="UTF-8"?>
<testng-results ignored="0" total="3" passed="3" failed="0" skipped="0">
  <reporter-output>
  </reporter-output>
  <suite started-at="2024-07-19T16:04:07 EDT" name="Suite" finished-at="2024-07-19T16:04:25 EDT" duration-ms="18010">
    <groups>
    </groups>
    <test started-at="2024-07-19T16:04:07 EDT" name="Test" finished-at="2024-07-19T16:04:25 EDT" duration-ms="18010">
      <class name="com.docker.FireFoxTest">
        <test-method signature="test_FireFox()[pri:0, instance:com.docker.FireFoxTest@49c7b90e]" started-at="2024-07-19T16:04:07 EDT" name="test_FireFox" finished-at="2024-07-19T16:04:25 EDT" duration-ms="17942" status="PASS">
          <reporter-output>
          </reporter-output>
        </test-method> <!-- test_FireFox -->
      </class> <!-- com.docker.FireFoxTest -->
      <class name="com.docker.MSEdgeTest">
        <test-method signature="test_Edge()[pri:0, instance:com.docker.MSEdgeTest@156b88f5]" started-at="2024-07-19T16:04:07 EDT" name="test_Edge" finished-at="2024-07-19T16:04:21 EDT" duration-ms="14330" status="PASS">
          <reporter-output>
          </reporter-output>
        </test-method> <!-- test_Edge -->
      </class> <!-- com.docker.MSEdgeTest -->
      <class name="com.docker.ChromeTest">
        <test-method is-config="true" signature="run_Docker_composeV3()[pri:0, instance:com.docker.ChromeTest@6fd83fc1]" started-at="2024-07-19T16:03:52 EDT" name="run_Docker_composeV3" finished-at="2024-07-19T16:04:07 EDT" duration-ms="15031" status="PASS">
          <reporter-output>
          </reporter-output>
        </test-method> <!-- run_Docker_composeV3 -->
        <test-method signature="test_chrome()[pri:0, instance:com.docker.ChromeTest@6fd83fc1]" started-at="2024-07-19T16:04:07 EDT" name="test_chrome" finished-at="2024-07-19T16:04:19 EDT" duration-ms="11892" status="PASS">
          <reporter-output>
          </reporter-output>
        </test-method> <!-- test_chrome -->
        <test-method is-config="true" signature="stop_Docker_composeV3()[pri:0, instance:com.docker.ChromeTest@6fd83fc1]" started-at="2024-07-19T16:04:25 EDT" name="stop_Docker_composeV3" finished-at="2024-07-19T16:04:40 EDT" duration-ms="15016" status="PASS">
          <reporter-output>
          </reporter-output>
        </test-method> <!-- stop_Docker_composeV3 -->
      </class> <!-- com.docker.ChromeTest -->
    </test> <!-- Test -->
  </suite> <!-- Suite -->
</testng-results>
