<?xml version="1.0" encoding="UTF-8"?>
<testng-results ignored="0" total="3" passed="3" failed="0" skipped="0">
  <reporter-output>
  </reporter-output>
  <suite started-at="2024-07-17T16:56:41 EDT" name="Suite" finished-at="2024-07-17T16:57:27 EDT" duration-ms="46071">
    <groups>
    </groups>
    <test started-at="2024-07-17T16:56:41 EDT" name="Test" finished-at="2024-07-17T16:57:27 EDT" duration-ms="46071">
      <class name="com.docker.FireFoxTest">
        <test-method signature="test_FireFox()[pri:0, instance:com.docker.FireFoxTest@57d7f8ca]" started-at="2024-07-17T16:56:41 EDT" name="test_FireFox" finished-at="2024-07-17T16:57:14 EDT" duration-ms="32657" status="PASS">
          <reporter-output>
          </reporter-output>
        </test-method> <!-- test_FireFox -->
      </class> <!-- com.docker.FireFoxTest -->
      <class name="com.docker.ChromeTest">
        <test-method is-config="true" signature="run_Docker_composeV3()[pri:0, instance:com.docker.ChromeTest@434a63ab]" started-at="2024-07-17T16:56:26 EDT" name="run_Docker_composeV3" finished-at="2024-07-17T16:56:41 EDT" duration-ms="15046" status="PASS">
          <reporter-output>
          </reporter-output>
        </test-method> <!-- run_Docker_composeV3 -->
        <test-method signature="test_chrome()[pri:0, instance:com.docker.ChromeTest@434a63ab]" started-at="2024-07-17T16:57:21 EDT" name="test_chrome" finished-at="2024-07-17T16:57:27 EDT" duration-ms="5600" status="PASS">
          <reporter-output>
          </reporter-output>
        </test-method> <!-- test_chrome -->
        <test-method is-config="true" signature="stop_Docker_composeV3()[pri:0, instance:com.docker.ChromeTest@434a63ab]" started-at="2024-07-17T16:57:27 EDT" name="stop_Docker_composeV3" finished-at="2024-07-17T16:57:42 EDT" duration-ms="15023" status="PASS">
          <reporter-output>
          </reporter-output>
        </test-method> <!-- stop_Docker_composeV3 -->
      </class> <!-- com.docker.ChromeTest -->
      <class name="com.docker.MSEdgeTest">
        <test-method signature="test_Edge()[pri:0, instance:com.docker.MSEdgeTest@169e6180]" started-at="2024-07-17T16:57:14 EDT" name="test_Edge" finished-at="2024-07-17T16:57:21 EDT" duration-ms="7693" status="PASS">
          <reporter-output>
          </reporter-output>
        </test-method> <!-- test_Edge -->
      </class> <!-- com.docker.MSEdgeTest -->
    </test> <!-- Test -->
  </suite> <!-- Suite -->
</testng-results>
