<?xml version="1.0" encoding="UTF-8"?>
<testng-results ignored="0" total="1" passed="1" failed="0" skipped="0">
  <reporter-output>
  </reporter-output>
  <suite started-at="2024-07-22T17:45:49 EDT" name="Default suite" finished-at="2024-07-22T17:46:30 EDT" duration-ms="40511">
    <groups>
    </groups>
    <test started-at="2024-07-22T17:45:49 EDT" name="Default test" finished-at="2024-07-22T17:46:30 EDT" duration-ms="40511">
      <class name="com.docker.ChromeTest">
        <test-method is-config="true" signature="run_Docker_composeV3()[pri:0, instance:com.docker.ChromeTest@1b2abca6]" started-at="2024-07-22T17:45:49 EDT" name="run_Docker_composeV3" finished-at="2024-07-22T17:46:04 EDT" duration-ms="15057" status="PASS">
          <reporter-output>
          </reporter-output>
        </test-method> <!-- run_Docker_composeV3 -->
        <test-method signature="test_chrome()[pri:0, instance:com.docker.ChromeTest@1b2abca6]" started-at="2024-07-22T17:46:04 EDT" name="test_chrome" finished-at="2024-07-22T17:46:15 EDT" duration-ms="10281" status="PASS">
          <reporter-output>
          </reporter-output>
        </test-method> <!-- test_chrome -->
        <test-method is-config="true" signature="stop_Docker_composeV3()[pri:0, instance:com.docker.ChromeTest@1b2abca6]" started-at="2024-07-22T17:46:15 EDT" name="stop_Docker_composeV3" finished-at="2024-07-22T17:46:30 EDT" duration-ms="15032" status="PASS">
          <reporter-output>
          </reporter-output>
        </test-method> <!-- stop_Docker_composeV3 -->
      </class> <!-- com.docker.ChromeTest -->
    </test> <!-- Default test -->
  </suite> <!-- Default suite -->
</testng-results>
